[2025-11-30T21:21:13.142+0100] {local_task_job_runner.py:123} INFO - ::group::Pre task execution logs
[2025-11-30T21:21:13.173+0100] {taskinstance.py:2612} INFO - Dependencies all met for dep_context=non-requeueable deps ti=<TaskInstance: meltano_irrigation_etl.run_meltano_etl manual__2025-11-30T20:21:11.571097+00:00 [queued]>
[2025-11-30T21:21:13.186+0100] {taskinstance.py:2612} INFO - Dependencies all met for dep_context=requeueable deps ti=<TaskInstance: meltano_irrigation_etl.run_meltano_etl manual__2025-11-30T20:21:11.571097+00:00 [queued]>
[2025-11-30T21:21:13.187+0100] {taskinstance.py:2865} INFO - Starting attempt 1 of 2
[2025-11-30T21:21:13.208+0100] {taskinstance.py:2888} INFO - Executing <Task(DockerOperator): run_meltano_etl> on 2025-11-30 20:21:11.571097+00:00
[2025-11-30T21:21:13.218+0100] {standard_task_runner.py:104} INFO - Running: ['***', 'tasks', 'run', 'meltano_irrigation_etl', 'run_meltano_etl', 'manual__2025-11-30T20:21:11.571097+00:00', '--job-id', '8', '--raw', '--subdir', 'DAGS_FOLDER/meltano_etl_dag.py', '--cfg-path', '/tmp/tmpno5tsq3z']
[2025-11-30T21:21:13.223+0100] {standard_task_runner.py:105} INFO - Job 8: Subtask run_meltano_etl
[2025-11-30T21:21:13.225+0100] {logging_mixin.py:190} WARNING - /home/***/.local/lib/python3.12/site-packages/***/task/task_runner/standard_task_runner.py:70 DeprecationWarning: This process (pid=169) is multi-threaded, use of fork() may lead to deadlocks in the child.
[2025-11-30T21:21:13.227+0100] {standard_task_runner.py:72} INFO - Started process 170 to run task
[2025-11-30T21:21:13.333+0100] {task_command.py:467} INFO - Running <TaskInstance: meltano_irrigation_etl.run_meltano_etl manual__2025-11-30T20:21:11.571097+00:00 [running]> on host ec3772d8cb79
[2025-11-30T21:21:13.488+0100] {taskinstance.py:3131} INFO - Exporting env vars: AIRFLOW_CTX_DAG_OWNER='anaselkhabbaz' AIRFLOW_CTX_DAG_ID='meltano_irrigation_etl' AIRFLOW_CTX_TASK_ID='run_meltano_etl' AIRFLOW_CTX_EXECUTION_DATE='2025-11-30T20:21:11.571097+00:00' AIRFLOW_CTX_TRY_NUMBER='1' AIRFLOW_CTX_DAG_RUN_ID='manual__2025-11-30T20:21:11.571097+00:00'
[2025-11-30T21:21:13.489+0100] {taskinstance.py:731} INFO - ::endgroup::
[2025-11-30T21:21:13.694+0100] {docker.py:367} INFO - Starting docker container from image anaselkhabbaz/irrigation-etl:latest
[2025-11-30T21:21:17.680+0100] {docker.py:438} INFO - [2m2025-11-30T20:21:17.678550Z[0m [[32m[1minfo     [0m] [1mEnvironment 'dev' is active   [0m
[2025-11-30T21:21:25.583+0100] {docker.py:438} INFO - [2m2025-11-30T20:21:25.581300Z[0m [[32m[1minfo     [0m] [1mInstalling extractor 'tap-rest-api-msdk'[0m
[2025-11-30T21:21:25.637+0100] {docker.py:438} INFO - [2m2025-11-30T20:21:25.632284Z[0m [[32m[1minfo     [0m] [1mInstalling loader 'target-csv'[0m
[2025-11-30T21:21:25.656+0100] {docker.py:438} INFO - [2m2025-11-30T20:21:25.654605Z[0m [[32m[1minfo     [0m] [1mInstalling extractor 'tap-weatherapi-forecast'[0m
[2025-11-30T21:21:25.678+0100] {docker.py:438} INFO - [2m2025-11-30T20:21:25.676144Z[0m [[32m[1minfo     [0m] [1mInstalling utility 'weather-tools'[0m
[2025-11-30T21:21:25.708+0100] {docker.py:438} INFO - [2m2025-11-30T20:21:25.706551Z[0m [[32m[1minfo     [0m] [1mInstalling utility 'dbt-duckdb'[0m
[2025-11-30T21:24:27.702+0100] {docker.py:438} INFO - [31mâ•­â”€[0m[31mâ”€â”€â”€â”€â”€â”€â”€â”€â”€â”€â”€â”€â”€â”€â”€â”€â”€â”€â”€â”€â”€â”€â”€â”€â”€â”€â”€â”€[0m[31m Installation error [0m[31mâ”€â”€â”€â”€â”€â”€â”€â”€â”€â”€â”€â”€â”€â”€â”€â”€â”€â”€â”€â”€â”€â”€â”€â”€â”€â”€â”€â”€[0m[31mâ”€â•®[0m
[2025-11-30T21:24:27.703+0100] {docker.py:438} INFO - [31mâ”‚[0m Using Python 3.13.9 environment at:                                          [31mâ”‚[0m
[2025-11-30T21:24:27.704+0100] {docker.py:438} INFO - [31mâ”‚[0m .meltano/extractors/tap-rest-api-msdk/venv                                   [31mâ”‚[0m
[2025-11-30T21:24:27.705+0100] {docker.py:438} INFO - [31mâ”‚[0m   Ã— Failed to download and build `atomicwrites==1.4.1`                       [31mâ”‚[0m
[2025-11-30T21:24:27.706+0100] {docker.py:438} INFO - [31mâ”‚[0m   â”œâ”€â–¶ Failed to install requirements from `build-system.requires`            [31mâ”‚[0m
[2025-11-30T21:24:27.707+0100] {docker.py:438} INFO - [31mâ”‚[0m   â”œâ”€â–¶ Failed to download `setuptools==80.9.0`                                [31mâ”‚[0m
[2025-11-30T21:24:27.708+0100] {docker.py:438} INFO - [31mâ”‚[0m   â”œâ”€â–¶ Failed to extract archive: setuptools-80.9.0-py3-none-any.whl          [31mâ”‚[0m
[2025-11-30T21:24:27.709+0100] {docker.py:438} INFO - [31mâ”‚[0m   â”œâ”€â–¶ I/O operation failed during extraction                                 [31mâ”‚[0m
[2025-11-30T21:24:27.709+0100] {docker.py:438} INFO - [31mâ”‚[0m   â•°â”€â–¶ Failed to download distribution due to network timeout. Try increasing [31mâ”‚[0m
[2025-11-30T21:24:27.710+0100] {docker.py:438} INFO - [31mâ”‚[0m       UV_HTTP_TIMEOUT (current value: 30s).                                  [31mâ”‚[0m
[2025-11-30T21:24:27.711+0100] {docker.py:438} INFO - [31mâ”‚[0m   help: `atomicwrites` (v1.4.1) was included because `tap-rest-api-msdk`     [31mâ”‚[0m
[2025-11-30T21:24:27.712+0100] {docker.py:438} INFO - [31mâ”‚[0m         (v1.4.2) depends on `atomicwrites>=1.4.0, <2.0.0`                    [31mâ”‚[0m
[2025-11-30T21:24:27.712+0100] {docker.py:438} INFO - [31mâ”‚[0m                                                                              [31mâ”‚[0m
[2025-11-30T21:24:27.713+0100] {docker.py:438} INFO - [31mâ•°â”€[0m[31mâ”€â”€â”€â”€â”€â”€â”€â”€â”€â”€â”€â”€â”€â”€â”€â”€â”€â”€â”€â”€â”€â”€â”€â”€â”€â”€â”€â”€â”€â”€[0m[31m Command failed [0m[31mâ”€â”€â”€â”€â”€â”€â”€â”€â”€â”€â”€â”€â”€â”€â”€â”€â”€â”€â”€â”€â”€â”€â”€â”€â”€â”€â”€â”€â”€â”€[0m[31mâ”€â•¯[0m
[2025-11-30T21:24:27.714+0100] {docker.py:438} INFO - 
[2025-11-30T21:24:27.715+0100] {docker.py:438} INFO - [2m2025-11-30T20:24:27.696287Z[0m [[31m[1merror    [0m] [1mInstallation failed. Command failed.[0m
[2025-11-30T21:26:19.750+0100] {docker.py:438} INFO - [31mâ•­â”€[0m[31mâ”€â”€â”€â”€â”€â”€â”€â”€â”€â”€â”€â”€â”€â”€â”€â”€â”€â”€â”€â”€â”€â”€â”€â”€â”€â”€â”€â”€[0m[31m Installation error [0m[31mâ”€â”€â”€â”€â”€â”€â”€â”€â”€â”€â”€â”€â”€â”€â”€â”€â”€â”€â”€â”€â”€â”€â”€â”€â”€â”€â”€â”€[0m[31mâ”€â•®[0m
[2025-11-30T21:26:19.751+0100] {docker.py:438} INFO - [31mâ”‚[0m Using Python 3.13.9 environment at: .meltano/utilities/dbt-duckdb/venv       [31mâ”‚[0m
[2025-11-30T21:26:19.752+0100] {docker.py:438} INFO - [31mâ”‚[0m error: Request failed after 3 retries                                        [31mâ”‚[0m
[2025-11-30T21:26:19.753+0100] {docker.py:438} INFO - [31mâ”‚[0m   Caused by: Failed to fetch: `https://pypi.org/simple/networkx/`            [31mâ”‚[0m
[2025-11-30T21:26:19.754+0100] {docker.py:438} INFO - [31mâ”‚[0m   Caused by: request or response body error                                  [31mâ”‚[0m
[2025-11-30T21:26:19.755+0100] {docker.py:438} INFO - [31mâ”‚[0m   Caused by: operation timed out                                             [31mâ”‚[0m
[2025-11-30T21:26:19.756+0100] {docker.py:438} INFO - [31mâ”‚[0m                                                                              [31mâ”‚[0m
[2025-11-30T21:26:19.757+0100] {docker.py:438} INFO - [31mâ•°â”€[0m[31mâ”€â”€â”€â”€â”€â”€â”€â”€â”€â”€â”€â”€â”€â”€â”€â”€â”€â”€â”€â”€â”€â”€â”€â”€â”€â”€â”€â”€â”€â”€[0m[31m Command failed [0m[31mâ”€â”€â”€â”€â”€â”€â”€â”€â”€â”€â”€â”€â”€â”€â”€â”€â”€â”€â”€â”€â”€â”€â”€â”€â”€â”€â”€â”€â”€â”€[0m[31mâ”€â•¯[0m
[2025-11-30T21:26:19.762+0100] {docker.py:438} INFO - 
[2025-11-30T21:26:19.763+0100] {docker.py:438} INFO - [2m2025-11-30T20:26:19.746557Z[0m [[31m[1merror    [0m] [1mInstallation failed. Command failed.[0m
[2025-11-30T21:26:32.910+0100] {docker.py:438} INFO - [31mâ•­â”€[0m[31mâ”€â”€â”€â”€â”€â”€â”€â”€â”€â”€â”€â”€â”€â”€â”€â”€â”€â”€â”€â”€â”€â”€â”€â”€â”€â”€â”€â”€[0m[31m Installation error [0m[31mâ”€â”€â”€â”€â”€â”€â”€â”€â”€â”€â”€â”€â”€â”€â”€â”€â”€â”€â”€â”€â”€â”€â”€â”€â”€â”€â”€â”€[0m[31mâ”€â•®[0m
[2025-11-30T21:26:32.911+0100] {docker.py:438} INFO - [31mâ”‚[0m Using Python 3.13.9 environment at:                                          [31mâ”‚[0m
[2025-11-30T21:26:32.911+0100] {docker.py:438} INFO - [31mâ”‚[0m .meltano/extractors/tap-weatherapi-forecast/venv                             [31mâ”‚[0m
[2025-11-30T21:26:32.912+0100] {docker.py:438} INFO - [31mâ”‚[0m   Ã— Failed to download and build `atomicwrites==1.4.1`                       [31mâ”‚[0m
[2025-11-30T21:26:32.912+0100] {docker.py:438} INFO - [31mâ”‚[0m   â”œâ”€â–¶ Failed to install requirements from `build-system.requires`            [31mâ”‚[0m
[2025-11-30T21:26:32.913+0100] {docker.py:438} INFO - [31mâ”‚[0m   â”œâ”€â–¶ Failed to download `setuptools==80.9.0`                                [31mâ”‚[0m
[2025-11-30T21:26:32.913+0100] {docker.py:438} INFO - [31mâ”‚[0m   â”œâ”€â–¶ Failed to fetch:                                                       [31mâ”‚[0m
[2025-11-30T21:26:32.914+0100] {docker.py:438} INFO - [31mâ”‚[0m   â”‚                                                                          [31mâ”‚[0m
[2025-11-30T21:26:32.914+0100] {docker.py:438} INFO - [31mâ”‚[0m `https://files.pythonhosted.org/packages/a3/dc/17031897dae0efacfea57dfd3a82f [31mâ”‚[0m
[2025-11-30T21:26:32.915+0100] {docker.py:438} INFO - [31mâ”‚[0m dd2a2aeb58e0ff71b77b87e44edc772/setuptools-80.9.0-py3-none-any.whl`          [31mâ”‚[0m
[2025-11-30T21:26:32.915+0100] {docker.py:438} INFO - [31mâ”‚[0m   â”œâ”€â–¶ Request failed after 3 retries                                         [31mâ”‚[0m
[2025-11-30T21:26:32.916+0100] {docker.py:438} INFO - [31mâ”‚[0m   â”œâ”€â–¶ error sending request for url                                          [31mâ”‚[0m
[2025-11-30T21:26:32.916+0100] {docker.py:438} INFO - [31mâ”‚[0m   â”‚                                                                          [31mâ”‚[0m
[2025-11-30T21:26:32.917+0100] {docker.py:438} INFO - [31mâ”‚[0m (https://files.pythonhosted.org/packages/a3/dc/17031897dae0efacfea57dfd3a82f [31mâ”‚[0m
[2025-11-30T21:26:32.917+0100] {docker.py:438} INFO - [31mâ”‚[0m dd2a2aeb58e0ff71b77b87e44edc772/setuptools-80.9.0-py3-none-any.whl)          [31mâ”‚[0m
[2025-11-30T21:26:32.917+0100] {docker.py:438} INFO - [31mâ”‚[0m   â•°â”€â–¶ operation timed out                                                    [31mâ”‚[0m
[2025-11-30T21:26:32.918+0100] {docker.py:438} INFO - [31mâ”‚[0m   help: `atomicwrites` (v1.4.1) was included because `tap-rest-api-msdk`     [31mâ”‚[0m
[2025-11-30T21:26:32.919+0100] {docker.py:438} INFO - [31mâ”‚[0m         (v1.4.2) depends on `atomicwrites>=1.4.0, <2.0.0`                    [31mâ”‚[0m
[2025-11-30T21:26:32.919+0100] {docker.py:438} INFO - [31mâ”‚[0m                                                                              [31mâ”‚[0m
[2025-11-30T21:26:32.919+0100] {docker.py:438} INFO - [31mâ•°â”€[0m[31mâ”€â”€â”€â”€â”€â”€â”€â”€â”€â”€â”€â”€â”€â”€â”€â”€â”€â”€â”€â”€â”€â”€â”€â”€â”€â”€â”€â”€â”€â”€[0m[31m Command failed [0m[31mâ”€â”€â”€â”€â”€â”€â”€â”€â”€â”€â”€â”€â”€â”€â”€â”€â”€â”€â”€â”€â”€â”€â”€â”€â”€â”€â”€â”€â”€â”€[0m[31mâ”€â•¯[0m
[2025-11-30T21:26:32.920+0100] {docker.py:438} INFO - 
[2025-11-30T21:26:32.920+0100] {docker.py:438} INFO - [2m2025-11-30T20:26:32.907057Z[0m [[31m[1merror    [0m] [1mInstallation failed. Command failed.[0m
[2025-11-30T21:26:40.142+0100] {docker.py:438} INFO - [31mâ•­â”€[0m[31mâ”€â”€â”€â”€â”€â”€â”€â”€â”€â”€â”€â”€â”€â”€â”€â”€â”€â”€â”€â”€â”€â”€â”€â”€â”€â”€â”€â”€[0m[31m Installation error [0m[31mâ”€â”€â”€â”€â”€â”€â”€â”€â”€â”€â”€â”€â”€â”€â”€â”€â”€â”€â”€â”€â”€â”€â”€â”€â”€â”€â”€â”€[0m[31mâ”€â•®[0m
[2025-11-30T21:26:40.143+0100] {docker.py:438} INFO - [31mâ”‚[0m Using Python 3.13.9 environment at: .meltano/utilities/weather-tools/venv    [31mâ”‚[0m
[2025-11-30T21:26:40.144+0100] {docker.py:438} INFO - [31mâ”‚[0m Resolved 6 packages in 2m 31s                                                [31mâ”‚[0m
[2025-11-30T21:26:40.144+0100] {docker.py:438} INFO - [31mâ”‚[0m Downloading pandas (11.7MiB)                                                 [31mâ”‚[0m
[2025-11-30T21:26:40.145+0100] {docker.py:438} INFO - [31mâ”‚[0m Downloading numpy (15.8MiB)                                                  [31mâ”‚[0m
[2025-11-30T21:26:40.145+0100] {docker.py:438} INFO - [31mâ”‚[0m   Ã— Failed to download `numpy==2.3.5`                                        [31mâ”‚[0m
[2025-11-30T21:26:40.146+0100] {docker.py:438} INFO - [31mâ”‚[0m   â”œâ”€â–¶ Failed to extract archive:                                             [31mâ”‚[0m
[2025-11-30T21:26:40.146+0100] {docker.py:438} INFO - [31mâ”‚[0m   â”‚                                                                          [31mâ”‚[0m
[2025-11-30T21:26:40.147+0100] {docker.py:438} INFO - [31mâ”‚[0m numpy-2.3.5-cp313-cp313-manylinux_2_27_x86_64.manylinux_2_28_x86_64.whl      [31mâ”‚[0m
[2025-11-30T21:26:40.147+0100] {docker.py:438} INFO - [31mâ”‚[0m   â”œâ”€â–¶ I/O operation failed during extraction                                 [31mâ”‚[0m
[2025-11-30T21:26:40.148+0100] {docker.py:438} INFO - [31mâ”‚[0m   â•°â”€â–¶ Failed to download distribution due to network timeout. Try increasing [31mâ”‚[0m
[2025-11-30T21:26:40.148+0100] {docker.py:438} INFO - [31mâ”‚[0m       UV_HTTP_TIMEOUT (current value: 30s).                                  [31mâ”‚[0m
[2025-11-30T21:26:40.149+0100] {docker.py:438} INFO - [31mâ”‚[0m   help: `numpy` (v2.3.5) was included because `pandas` (v2.3.3) depends on   [31mâ”‚[0m
[2025-11-30T21:26:40.149+0100] {docker.py:438} INFO - [31mâ”‚[0m         `numpy`                                                              [31mâ”‚[0m
[2025-11-30T21:26:40.150+0100] {docker.py:438} INFO - [31mâ”‚[0m                                                                              [31mâ”‚[0m
[2025-11-30T21:26:40.150+0100] {docker.py:438} INFO - [31mâ•°â”€[0m[31mâ”€â”€â”€â”€â”€â”€â”€â”€â”€â”€â”€â”€â”€â”€â”€â”€â”€â”€â”€â”€â”€â”€â”€â”€â”€â”€â”€â”€â”€â”€[0m[31m Command failed [0m[31mâ”€â”€â”€â”€â”€â”€â”€â”€â”€â”€â”€â”€â”€â”€â”€â”€â”€â”€â”€â”€â”€â”€â”€â”€â”€â”€â”€â”€â”€â”€[0m[31mâ”€â•¯[0m
[2025-11-30T21:26:40.151+0100] {docker.py:438} INFO - 
[2025-11-30T21:26:40.151+0100] {docker.py:438} INFO - [2m2025-11-30T20:26:40.139702Z[0m [[31m[1merror    [0m] [1mInstallation failed. Command failed.[0m
[2025-11-30T21:29:13.383+0100] {docker.py:438} INFO - [31mâ•­â”€[0m[31mâ”€â”€â”€â”€â”€â”€â”€â”€â”€â”€â”€â”€â”€â”€â”€â”€â”€â”€â”€â”€â”€â”€â”€â”€â”€â”€â”€â”€[0m[31m Installation error [0m[31mâ”€â”€â”€â”€â”€â”€â”€â”€â”€â”€â”€â”€â”€â”€â”€â”€â”€â”€â”€â”€â”€â”€â”€â”€â”€â”€â”€â”€[0m[31mâ”€â•®[0m
[2025-11-30T21:29:13.384+0100] {docker.py:438} INFO - [31mâ”‚[0m Using Python 3.13.9 environment at: .meltano/loaders/target-csv/venv         [31mâ”‚[0m
[2025-11-30T21:29:13.385+0100] {docker.py:438} INFO - [31mâ”‚[0m Resolved 30 packages in 6m 40s                                               [31mâ”‚[0m
[2025-11-30T21:29:13.386+0100] {docker.py:438} INFO - [31mâ”‚[0m Downloading sqlalchemy (3.1MiB)                                              [31mâ”‚[0m
[2025-11-30T21:29:13.386+0100] {docker.py:438} INFO - [31mâ”‚[0m   Ã— Failed to download `fsspec==2025.10.0`                                   [31mâ”‚[0m
[2025-11-30T21:29:13.387+0100] {docker.py:438} INFO - [31mâ”‚[0m   â”œâ”€â–¶ Failed to extract archive: fsspec-2025.10.0-py3-none-any.whl           [31mâ”‚[0m
[2025-11-30T21:29:13.388+0100] {docker.py:438} INFO - [31mâ”‚[0m   â”œâ”€â–¶ I/O operation failed during extraction                                 [31mâ”‚[0m
[2025-11-30T21:29:13.389+0100] {docker.py:438} INFO - [31mâ”‚[0m   â•°â”€â–¶ Failed to download distribution due to network timeout. Try increasing [31mâ”‚[0m
[2025-11-30T21:29:13.389+0100] {docker.py:438} INFO - [31mâ”‚[0m       UV_HTTP_TIMEOUT (current value: 30s).                                  [31mâ”‚[0m
[2025-11-30T21:29:13.390+0100] {docker.py:438} INFO - [31mâ”‚[0m   help: `fsspec` (v2025.10.0) was included because `meltanolabs-target-csv`  [31mâ”‚[0m
[2025-11-30T21:29:13.391+0100] {docker.py:438} INFO - [31mâ”‚[0m         (v0.2.1) depends on `singer-sdk` (v0.50.2) which depends on `fsspec` [31mâ”‚[0m
[2025-11-30T21:29:13.391+0100] {docker.py:438} INFO - [31mâ”‚[0m                                                                              [31mâ”‚[0m
[2025-11-30T21:29:13.392+0100] {docker.py:438} INFO - [31mâ•°â”€[0m[31mâ”€â”€â”€â”€â”€â”€â”€â”€â”€â”€â”€â”€â”€â”€â”€â”€â”€â”€â”€â”€â”€â”€â”€â”€â”€â”€â”€â”€â”€â”€[0m[31m Command failed [0m[31mâ”€â”€â”€â”€â”€â”€â”€â”€â”€â”€â”€â”€â”€â”€â”€â”€â”€â”€â”€â”€â”€â”€â”€â”€â”€â”€â”€â”€â”€â”€[0m[31mâ”€â•¯[0m
[2025-11-30T21:29:13.393+0100] {docker.py:438} INFO - 
[2025-11-30T21:29:13.393+0100] {docker.py:438} INFO - [2m2025-11-30T20:29:13.379092Z[0m [[31m[1merror    [0m] [1mInstallation failed. Command failed.[0m
[2025-11-30T21:29:13.394+0100] {docker.py:438} INFO - [2m2025-11-30T20:29:13.381692Z[0m [[33m[1mwarning  [0m] [1mInstalled 0/7 plugins         [0m
[2025-11-30T21:29:13.395+0100] {docker.py:438} INFO - [2m2025-11-30T20:29:13.381903Z[0m [[33m[1mwarning  [0m] [1mSkipped installing 2/7 plugins[0m
[2025-11-30T21:29:13.395+0100] {docker.py:438} INFO - [2m2025-11-30T20:29:13.383255Z[0m [[32m[1minfo     [0m] [1mRunning job with name 'dev:tap-rest-api-msdk-to-target-csv' and run ID '019ad66d-66e9-7861-bb09-f3cd7bf2066c'[0m
[2025-11-30T21:29:13.476+0100] {docker.py:438} INFO - [2m2025-11-30T20:29:13.474558Z[0m [[31m[1merror    [0m] [1mCannot start plugin tap-rest-api-msdk: Executable 'tap-rest-api-msdk' could not be found. Extractor 'tap-rest-api-msdk' may not have been installed yet using `meltano install --plugin-type extractor tap-rest-api-msdk`, or the executable name may be incorrect.[0m
[2025-11-30T21:29:13.477+0100] {docker.py:438} INFO - [2m2025-11-30T20:29:13.475140Z[0m [[31m[1merror    [0m] [1mBlock run completed           [0m
[2025-11-30T21:29:13.485+0100] {docker.py:438} INFO - [2m2025-11-30T20:29:13.483473Z[0m [[32m[1minfo     [0m] [1mRun completed                 [0m
[2025-11-30T21:29:16.370+0100] {taskinstance.py:3310} ERROR - Task failed with exception
Traceback (most recent call last):
  File "/home/airflow/.local/lib/python3.12/site-packages/airflow/models/taskinstance.py", line 767, in _execute_task
    result = _execute_callable(context=context, **execute_callable_kwargs)
             ^^^^^^^^^^^^^^^^^^^^^^^^^^^^^^^^^^^^^^^^^^^^^^^^^^^^^^^^^^^^^
  File "/home/airflow/.local/lib/python3.12/site-packages/airflow/models/taskinstance.py", line 733, in _execute_callable
    return ExecutionCallableRunner(
           ^^^^^^^^^^^^^^^^^^^^^^^^
  File "/home/airflow/.local/lib/python3.12/site-packages/airflow/utils/operator_helpers.py", line 252, in run
    return self.func(*args, **kwargs)
           ^^^^^^^^^^^^^^^^^^^^^^^^^^
  File "/home/airflow/.local/lib/python3.12/site-packages/airflow/models/baseoperator.py", line 406, in wrapper
    return func(self, *args, **kwargs)
           ^^^^^^^^^^^^^^^^^^^^^^^^^^^
  File "/home/airflow/.local/lib/python3.12/site-packages/airflow/providers/docker/operators/docker.py", line 513, in execute
    return self._run_image()
           ^^^^^^^^^^^^^^^^^
  File "/home/airflow/.local/lib/python3.12/site-packages/airflow/providers/docker/operators/docker.py", line 384, in _run_image
    return self._run_image_with_mounts(self.mounts, add_tmp_variable=False)
           ^^^^^^^^^^^^^^^^^^^^^^^^^^^^^^^^^^^^^^^^^^^^^^^^^^^^^^^^^^^^^^^^
  File "/home/airflow/.local/lib/python3.12/site-packages/airflow/providers/docker/operators/docker.py", line 446, in _run_image_with_mounts
    raise DockerContainerFailedException(f"Docker container failed: {result!r}", logs=log_lines)
airflow.providers.docker.exceptions.DockerContainerFailedException: Docker container failed: {'StatusCode': 1}
[2025-11-30T21:29:16.388+0100] {taskinstance.py:1225} INFO - Marking task as UP_FOR_RETRY. dag_id=meltano_irrigation_etl, task_id=run_meltano_etl, run_id=manual__2025-11-30T20:21:11.571097+00:00, execution_date=20251130T202111, start_date=20251130T202113, end_date=20251130T202916
[2025-11-30T21:29:16.427+0100] {taskinstance.py:340} INFO - ::group::Post task execution logs
[2025-11-30T21:29:16.428+0100] {standard_task_runner.py:124} ERROR - Failed to execute job 8 for task run_meltano_etl (Docker container failed: {'StatusCode': 1}; 170)
Traceback (most recent call last):
  File "/home/airflow/.local/lib/python3.12/site-packages/airflow/task/task_runner/standard_task_runner.py", line 117, in _start_by_fork
    ret = args.func(args, dag=self.dag)
          ^^^^^^^^^^^^^^^^^^^^^^^^^^^^^
  File "/home/airflow/.local/lib/python3.12/site-packages/airflow/cli/cli_config.py", line 49, in command
    return func(*args, **kwargs)
           ^^^^^^^^^^^^^^^^^^^^^
  File "/home/airflow/.local/lib/python3.12/site-packages/airflow/utils/cli.py", line 115, in wrapper
    return f(*args, **kwargs)
           ^^^^^^^^^^^^^^^^^^
  File "/home/airflow/.local/lib/python3.12/site-packages/airflow/cli/commands/task_command.py", line 483, in task_run
    task_return_code = _run_task_by_selected_method(args, _dag, ti)
                       ^^^^^^^^^^^^^^^^^^^^^^^^^^^^^^^^^^^^^^^^^^^^
  File "/home/airflow/.local/lib/python3.12/site-packages/airflow/cli/commands/task_command.py", line 256, in _run_task_by_selected_method
    return _run_raw_task(args, ti)
           ^^^^^^^^^^^^^^^^^^^^^^^
  File "/home/airflow/.local/lib/python3.12/site-packages/airflow/cli/commands/task_command.py", line 341, in _run_raw_task
    return ti._run_raw_task(
           ^^^^^^^^^^^^^^^^^
  File "/home/airflow/.local/lib/python3.12/site-packages/airflow/utils/session.py", line 97, in wrapper
    return func(*args, session=session, **kwargs)
           ^^^^^^^^^^^^^^^^^^^^^^^^^^^^^^^^^^^^^^
  File "/home/airflow/.local/lib/python3.12/site-packages/airflow/models/taskinstance.py", line 3004, in _run_raw_task
    return _run_raw_task(
           ^^^^^^^^^^^^^^
  File "/home/airflow/.local/lib/python3.12/site-packages/airflow/models/taskinstance.py", line 273, in _run_raw_task
    TaskInstance._execute_task_with_callbacks(
  File "/home/airflow/.local/lib/python3.12/site-packages/airflow/models/taskinstance.py", line 3158, in _execute_task_with_callbacks
    result = self._execute_task(context, task_orig)
             ^^^^^^^^^^^^^^^^^^^^^^^^^^^^^^^^^^^^^^
  File "/home/airflow/.local/lib/python3.12/site-packages/airflow/models/taskinstance.py", line 3182, in _execute_task
    return _execute_task(self, context, task_orig)
           ^^^^^^^^^^^^^^^^^^^^^^^^^^^^^^^^^^^^^^^
  File "/home/airflow/.local/lib/python3.12/site-packages/airflow/models/taskinstance.py", line 767, in _execute_task
    result = _execute_callable(context=context, **execute_callable_kwargs)
             ^^^^^^^^^^^^^^^^^^^^^^^^^^^^^^^^^^^^^^^^^^^^^^^^^^^^^^^^^^^^^
  File "/home/airflow/.local/lib/python3.12/site-packages/airflow/models/taskinstance.py", line 733, in _execute_callable
    return ExecutionCallableRunner(
           ^^^^^^^^^^^^^^^^^^^^^^^^
  File "/home/airflow/.local/lib/python3.12/site-packages/airflow/utils/operator_helpers.py", line 252, in run
    return self.func(*args, **kwargs)
           ^^^^^^^^^^^^^^^^^^^^^^^^^^
  File "/home/airflow/.local/lib/python3.12/site-packages/airflow/models/baseoperator.py", line 406, in wrapper
    return func(self, *args, **kwargs)
           ^^^^^^^^^^^^^^^^^^^^^^^^^^^
  File "/home/airflow/.local/lib/python3.12/site-packages/airflow/providers/docker/operators/docker.py", line 513, in execute
    return self._run_image()
           ^^^^^^^^^^^^^^^^^
  File "/home/airflow/.local/lib/python3.12/site-packages/airflow/providers/docker/operators/docker.py", line 384, in _run_image
    return self._run_image_with_mounts(self.mounts, add_tmp_variable=False)
           ^^^^^^^^^^^^^^^^^^^^^^^^^^^^^^^^^^^^^^^^^^^^^^^^^^^^^^^^^^^^^^^^
  File "/home/airflow/.local/lib/python3.12/site-packages/airflow/providers/docker/operators/docker.py", line 446, in _run_image_with_mounts
    raise DockerContainerFailedException(f"Docker container failed: {result!r}", logs=log_lines)
airflow.providers.docker.exceptions.DockerContainerFailedException: Docker container failed: {'StatusCode': 1}
[2025-11-30T21:29:16.473+0100] {local_task_job_runner.py:266} INFO - Task exited with return code 1
[2025-11-30T21:29:16.505+0100] {taskinstance.py:3900} INFO - 0 downstream tasks scheduled from follow-on schedule check
[2025-11-30T21:29:16.509+0100] {local_task_job_runner.py:245} INFO - ::endgroup::
