[2025-11-30T19:42:34.782+0000] {local_task_job_runner.py:123} INFO - ::group::Pre task execution logs
[2025-11-30T19:42:34.808+0000] {taskinstance.py:2612} INFO - Dependencies all met for dep_context=non-requeueable deps ti=<TaskInstance: meltano_irrigation_etl.run_meltano_etl scheduled__2025-11-29T00:00:00+00:00 [queued]>
[2025-11-30T19:42:34.818+0000] {taskinstance.py:2612} INFO - Dependencies all met for dep_context=requeueable deps ti=<TaskInstance: meltano_irrigation_etl.run_meltano_etl scheduled__2025-11-29T00:00:00+00:00 [queued]>
[2025-11-30T19:42:34.820+0000] {taskinstance.py:2865} INFO - Starting attempt 1 of 2
[2025-11-30T19:42:34.841+0000] {taskinstance.py:2888} INFO - Executing <Task(DockerOperator): run_meltano_etl> on 2025-11-29 00:00:00+00:00
[2025-11-30T19:42:34.851+0000] {standard_task_runner.py:104} INFO - Running: ['***', 'tasks', 'run', 'meltano_irrigation_etl', 'run_meltano_etl', 'scheduled__2025-11-29T00:00:00+00:00', '--job-id', '2', '--raw', '--subdir', 'DAGS_FOLDER/meltano_etl_dag.py', '--cfg-path', '/tmp/tmpwqao9pod']
[2025-11-30T19:42:34.857+0000] {standard_task_runner.py:105} INFO - Job 2: Subtask run_meltano_etl
[2025-11-30T19:42:34.859+0000] {logging_mixin.py:190} WARNING - /home/***/.local/lib/python3.12/site-packages/***/task/task_runner/standard_task_runner.py:70 DeprecationWarning: This process (pid=194) is multi-threaded, use of fork() may lead to deadlocks in the child.
[2025-11-30T19:42:34.861+0000] {standard_task_runner.py:72} INFO - Started process 195 to run task
[2025-11-30T19:42:34.960+0000] {task_command.py:467} INFO - Running <TaskInstance: meltano_irrigation_etl.run_meltano_etl scheduled__2025-11-29T00:00:00+00:00 [running]> on host bcf6e1894e0d
[2025-11-30T19:42:35.084+0000] {taskinstance.py:3131} INFO - Exporting env vars: AIRFLOW_CTX_DAG_OWNER='anaselkhabbaz' AIRFLOW_CTX_DAG_ID='meltano_irrigation_etl' AIRFLOW_CTX_TASK_ID='run_meltano_etl' AIRFLOW_CTX_EXECUTION_DATE='2025-11-29T00:00:00+00:00' AIRFLOW_CTX_TRY_NUMBER='1' AIRFLOW_CTX_DAG_RUN_ID='scheduled__2025-11-29T00:00:00+00:00'
[2025-11-30T19:42:35.085+0000] {taskinstance.py:731} INFO - ::endgroup::
[2025-11-30T19:42:35.200+0000] {docker.py:367} INFO - Starting docker container from image anaselkhabbaz/irrigation-etl:latest
[2025-11-30T19:42:38.562+0000] {docker.py:438} INFO - [2m2025-11-30T19:42:38.560864Z[0m [[32m[1minfo     [0m] [1mEnvironment 'dev' is active   [0m
[2025-11-30T19:42:39.958+0000] {docker.py:438} INFO - [2m2025-11-30T19:42:39.957289Z[0m [[33m[1mwarning  [0m] [1mA new version of Meltano is available (v4.0.6) and you are currently running v4.0.5. For more information, visit: https://docs.meltano.com/getting-started/installation.[0m
[2025-11-30T19:42:40.775+0000] {docker.py:438} INFO - [2m2025-11-30T19:42:40.772940Z[0m [[32m[1minfo     [0m] [1mInstalling extractor 'tap-rest-api-msdk'[0m
[2025-11-30T19:42:40.834+0000] {docker.py:438} INFO - [2m2025-11-30T19:42:40.832744Z[0m [[32m[1minfo     [0m] [1mInstalling loader 'target-csv'[0m
[2025-11-30T19:42:40.878+0000] {docker.py:438} INFO - [2m2025-11-30T19:42:40.876679Z[0m [[32m[1minfo     [0m] [1mInstalling extractor 'tap-weatherapi-forecast'[0m
[2025-11-30T19:42:40.922+0000] {docker.py:438} INFO - [2m2025-11-30T19:42:40.920169Z[0m [[32m[1minfo     [0m] [1mInstalling utility 'weather-tools'[0m
[2025-11-30T19:42:40.962+0000] {docker.py:438} INFO - [2m2025-11-30T19:42:40.959928Z[0m [[32m[1minfo     [0m] [1mInstalling utility 'dbt-duckdb'[0m
[2025-11-30T19:45:10.347+0000] {docker.py:438} INFO - [2m2025-11-30T19:45:10.345591Z[0m [[32m[1minfo     [0m] [1mInstalled loader 'target-csv' [0m
[2025-11-30T19:47:18.456+0000] {docker.py:438} INFO - [2m2025-11-30T19:47:18.455098Z[0m [[32m[1minfo     [0m] [1mInstalled extractor 'tap-weatherapi-forecast'[0m
[2025-11-30T19:50:34.461+0000] {docker.py:438} INFO - [2m2025-11-30T19:50:34.460126Z[0m [[32m[1minfo     [0m] [1mInstalled utility 'weather-tools'[0m
[2025-11-30T19:52:58.143+0000] {docker.py:438} INFO - [31mâ•­â”€[0m[31mâ”€â”€â”€â”€â”€â”€â”€â”€â”€â”€â”€â”€â”€â”€â”€â”€â”€â”€â”€â”€â”€â”€â”€â”€â”€â”€â”€â”€[0m[31m Installation error [0m[31mâ”€â”€â”€â”€â”€â”€â”€â”€â”€â”€â”€â”€â”€â”€â”€â”€â”€â”€â”€â”€â”€â”€â”€â”€â”€â”€â”€â”€[0m[31mâ”€â•®[0m
[2025-11-30T19:52:58.144+0000] {docker.py:438} INFO - [31mâ”‚[0m Using Python 3.13.9 environment at:                                          [31mâ”‚[0m
[2025-11-30T19:52:58.144+0000] {docker.py:438} INFO - [31mâ”‚[0m .meltano/extractors/tap-rest-api-msdk/venv                                   [31mâ”‚[0m
[2025-11-30T19:52:58.145+0000] {docker.py:438} INFO - [31mâ”‚[0m Resolved 38 packages in 1m 12s                                               [31mâ”‚[0m
[2025-11-30T19:52:58.146+0000] {docker.py:438} INFO - [31mâ”‚[0m Downloading botocore (13.7MiB)                                               [31mâ”‚[0m
[2025-11-30T19:52:58.147+0000] {docker.py:438} INFO - [31mâ”‚[0m Downloading sqlalchemy (3.1MiB)                                              [31mâ”‚[0m
[2025-11-30T19:52:58.147+0000] {docker.py:438} INFO - [31mâ”‚[0m  Downloaded sqlalchemy                                                       [31mâ”‚[0m
[2025-11-30T19:52:58.149+0000] {docker.py:438} INFO - [31mâ”‚[0m   Ã— Failed to download `botocore==1.41.5`                                    [31mâ”‚[0m
[2025-11-30T19:52:58.149+0000] {docker.py:438} INFO - [31mâ”‚[0m   â”œâ”€â–¶ Failed to extract archive: botocore-1.41.5-py3-none-any.whl            [31mâ”‚[0m
[2025-11-30T19:52:58.150+0000] {docker.py:438} INFO - [31mâ”‚[0m   â”œâ”€â–¶ I/O operation failed during extraction                                 [31mâ”‚[0m
[2025-11-30T19:52:58.150+0000] {docker.py:438} INFO - [31mâ”‚[0m   â•°â”€â–¶ Failed to download distribution due to network timeout. Try increasing [31mâ”‚[0m
[2025-11-30T19:52:58.151+0000] {docker.py:438} INFO - [31mâ”‚[0m       UV_HTTP_TIMEOUT (current value: 30s).                                  [31mâ”‚[0m
[2025-11-30T19:52:58.151+0000] {docker.py:438} INFO - [31mâ”‚[0m   help: `botocore` (v1.41.5) was included because `tap-rest-api-msdk`        [31mâ”‚[0m
[2025-11-30T19:52:58.152+0000] {docker.py:438} INFO - [31mâ”‚[0m (v1.4.2)                                                                     [31mâ”‚[0m
[2025-11-30T19:52:58.153+0000] {docker.py:438} INFO - [31mâ”‚[0m         depends on `boto3` (v1.41.5) which depends on `botocore`             [31mâ”‚[0m
[2025-11-30T19:52:58.153+0000] {docker.py:438} INFO - [31mâ”‚[0m                                                                              [31mâ”‚[0m
[2025-11-30T19:52:58.154+0000] {docker.py:438} INFO - [31mâ•°â”€[0m[31mâ”€â”€â”€â”€â”€â”€â”€â”€â”€â”€â”€â”€â”€â”€â”€â”€â”€â”€â”€â”€â”€â”€â”€â”€â”€â”€â”€â”€â”€â”€[0m[31m Command failed [0m[31mâ”€â”€â”€â”€â”€â”€â”€â”€â”€â”€â”€â”€â”€â”€â”€â”€â”€â”€â”€â”€â”€â”€â”€â”€â”€â”€â”€â”€â”€â”€[0m[31mâ”€â•¯[0m
[2025-11-30T19:52:58.154+0000] {docker.py:438} INFO - 
[2025-11-30T19:52:58.154+0000] {docker.py:438} INFO - [2m2025-11-30T19:52:58.139190Z[0m [[31m[1merror    [0m] [1mInstallation failed. Command failed.[0m
[2025-11-30T19:53:03.006+0000] {docker.py:438} INFO - [31mâ•­â”€[0m[31mâ”€â”€â”€â”€â”€â”€â”€â”€â”€â”€â”€â”€â”€â”€â”€â”€â”€â”€â”€â”€â”€â”€â”€â”€â”€â”€â”€â”€[0m[31m Installation error [0m[31mâ”€â”€â”€â”€â”€â”€â”€â”€â”€â”€â”€â”€â”€â”€â”€â”€â”€â”€â”€â”€â”€â”€â”€â”€â”€â”€â”€â”€[0m[31mâ”€â•®[0m
[2025-11-30T19:53:03.007+0000] {docker.py:438} INFO - [31mâ”‚[0m Using Python 3.13.9 environment at: .meltano/utilities/dbt-duckdb/venv       [31mâ”‚[0m
[2025-11-30T19:53:03.008+0000] {docker.py:438} INFO - [31mâ”‚[0m Resolved 66 packages in 1m 27s                                               [31mâ”‚[0m
[2025-11-30T19:53:03.008+0000] {docker.py:438} INFO - [31mâ”‚[0m Downloading babel (9.7MiB)                                                   [31mâ”‚[0m
[2025-11-30T19:53:03.009+0000] {docker.py:438} INFO - [31mâ”‚[0m Downloading duckdb (19.5MiB)                                                 [31mâ”‚[0m
[2025-11-30T19:53:03.009+0000] {docker.py:438} INFO - [31mâ”‚[0m Downloading networkx (2.0MiB)                                                [31mâ”‚[0m
[2025-11-30T19:53:03.010+0000] {docker.py:438} INFO - [31mâ”‚[0m Downloading pygments (1.2MiB)                                                [31mâ”‚[0m
[2025-11-30T19:53:03.011+0000] {docker.py:438} INFO - [31mâ”‚[0m Downloading pydantic-core (2.0MiB)                                           [31mâ”‚[0m
[2025-11-30T19:53:03.011+0000] {docker.py:438} INFO - [31mâ”‚[0m  Downloaded pygments                                                         [31mâ”‚[0m
[2025-11-30T19:53:03.012+0000] {docker.py:438} INFO - [31mâ”‚[0m  Downloaded pydantic-core                                                    [31mâ”‚[0m
[2025-11-30T19:53:03.013+0000] {docker.py:438} INFO - [31mâ”‚[0m  Downloaded networkx                                                         [31mâ”‚[0m
[2025-11-30T19:53:03.014+0000] {docker.py:438} INFO - [31mâ”‚[0m   Ã— Failed to download `duckdb==1.4.2`                                       [31mâ”‚[0m
[2025-11-30T19:53:03.015+0000] {docker.py:438} INFO - [31mâ”‚[0m   â”œâ”€â–¶ Failed to extract archive:                                             [31mâ”‚[0m
[2025-11-30T19:53:03.016+0000] {docker.py:438} INFO - [31mâ”‚[0m   â”‚                                                                          [31mâ”‚[0m
[2025-11-30T19:53:03.017+0000] {docker.py:438} INFO - [31mâ”‚[0m duckdb-1.4.2-cp313-cp313-manylinux_2_26_x86_64.manylinux_2_28_x86_64.whl     [31mâ”‚[0m
[2025-11-30T19:53:03.017+0000] {docker.py:438} INFO - [31mâ”‚[0m   â”œâ”€â–¶ I/O operation failed during extraction                                 [31mâ”‚[0m
[2025-11-30T19:53:03.018+0000] {docker.py:438} INFO - [31mâ”‚[0m   â•°â”€â–¶ Failed to download distribution due to network timeout. Try increasing [31mâ”‚[0m
[2025-11-30T19:53:03.019+0000] {docker.py:438} INFO - [31mâ”‚[0m       UV_HTTP_TIMEOUT (current value: 30s).                                  [31mâ”‚[0m
[2025-11-30T19:53:03.019+0000] {docker.py:438} INFO - [31mâ”‚[0m   help: `duckdb` (v1.4.2) was included because `dbt-duckdb` (v1.10.0)        [31mâ”‚[0m
[2025-11-30T19:53:03.020+0000] {docker.py:438} INFO - [31mâ”‚[0m depends                                                                      [31mâ”‚[0m
[2025-11-30T19:53:03.020+0000] {docker.py:438} INFO - [31mâ”‚[0m         on `duckdb`                                                          [31mâ”‚[0m
[2025-11-30T19:53:03.021+0000] {docker.py:438} INFO - [31mâ”‚[0m                                                                              [31mâ”‚[0m
[2025-11-30T19:53:03.021+0000] {docker.py:438} INFO - [31mâ•°â”€[0m[31mâ”€â”€â”€â”€â”€â”€â”€â”€â”€â”€â”€â”€â”€â”€â”€â”€â”€â”€â”€â”€â”€â”€â”€â”€â”€â”€â”€â”€â”€â”€[0m[31m Command failed [0m[31mâ”€â”€â”€â”€â”€â”€â”€â”€â”€â”€â”€â”€â”€â”€â”€â”€â”€â”€â”€â”€â”€â”€â”€â”€â”€â”€â”€â”€â”€â”€[0m[31mâ”€â•¯[0m
[2025-11-30T19:53:03.022+0000] {docker.py:438} INFO - 
[2025-11-30T19:53:03.022+0000] {docker.py:438} INFO - [2m2025-11-30T19:53:02.996864Z[0m [[31m[1merror    [0m] [1mInstallation failed. Command failed.[0m
[2025-11-30T19:53:03.023+0000] {docker.py:438} INFO - [2m2025-11-30T19:53:02.999688Z[0m [[33m[1mwarning  [0m] [1mInstalled 3/7 plugins         [0m
[2025-11-30T19:53:03.024+0000] {docker.py:438} INFO - [2m2025-11-30T19:53:02.999870Z[0m [[33m[1mwarning  [0m] [1mSkipped installing 2/7 plugins[0m
[2025-11-30T19:53:03.024+0000] {docker.py:438} INFO - [2m2025-11-30T19:53:03.001139Z[0m [[32m[1minfo     [0m] [1mRunning job with name 'dev:tap-rest-api-msdk-to-target-csv' and run ID '019ad649-eccf-75e2-a1b7-556757e0d760'[0m
[2025-11-30T19:53:03.135+0000] {docker.py:438} INFO - [2m2025-11-30T19:53:03.133915Z[0m [[31m[1merror    [0m] [1mCannot start plugin tap-rest-api-msdk: Executable 'tap-rest-api-msdk' could not be found. Extractor 'tap-rest-api-msdk' may not have been installed yet using `meltano install --plugin-type extractor tap-rest-api-msdk`, or the executable name may be incorrect.[0m
[2025-11-30T19:53:03.136+0000] {docker.py:438} INFO - [2m2025-11-30T19:53:03.134271Z[0m [[31m[1merror    [0m] [1mBlock run completed           [0m
[2025-11-30T19:53:03.146+0000] {docker.py:438} INFO - [2m2025-11-30T19:53:03.144928Z[0m [[32m[1minfo     [0m] [1mRun completed                 [0m
[2025-11-30T19:53:11.964+0000] {taskinstance.py:3310} ERROR - Task failed with exception
Traceback (most recent call last):
  File "/home/airflow/.local/lib/python3.12/site-packages/airflow/models/taskinstance.py", line 767, in _execute_task
    result = _execute_callable(context=context, **execute_callable_kwargs)
             ^^^^^^^^^^^^^^^^^^^^^^^^^^^^^^^^^^^^^^^^^^^^^^^^^^^^^^^^^^^^^
  File "/home/airflow/.local/lib/python3.12/site-packages/airflow/models/taskinstance.py", line 733, in _execute_callable
    return ExecutionCallableRunner(
           ^^^^^^^^^^^^^^^^^^^^^^^^
  File "/home/airflow/.local/lib/python3.12/site-packages/airflow/utils/operator_helpers.py", line 252, in run
    return self.func(*args, **kwargs)
           ^^^^^^^^^^^^^^^^^^^^^^^^^^
  File "/home/airflow/.local/lib/python3.12/site-packages/airflow/models/baseoperator.py", line 406, in wrapper
    return func(self, *args, **kwargs)
           ^^^^^^^^^^^^^^^^^^^^^^^^^^^
  File "/home/airflow/.local/lib/python3.12/site-packages/airflow/providers/docker/operators/docker.py", line 513, in execute
    return self._run_image()
           ^^^^^^^^^^^^^^^^^
  File "/home/airflow/.local/lib/python3.12/site-packages/airflow/providers/docker/operators/docker.py", line 384, in _run_image
    return self._run_image_with_mounts(self.mounts, add_tmp_variable=False)
           ^^^^^^^^^^^^^^^^^^^^^^^^^^^^^^^^^^^^^^^^^^^^^^^^^^^^^^^^^^^^^^^^
  File "/home/airflow/.local/lib/python3.12/site-packages/airflow/providers/docker/operators/docker.py", line 446, in _run_image_with_mounts
    raise DockerContainerFailedException(f"Docker container failed: {result!r}", logs=log_lines)
airflow.providers.docker.exceptions.DockerContainerFailedException: Docker container failed: {'StatusCode': 1}
[2025-11-30T19:53:11.979+0000] {taskinstance.py:1225} INFO - Marking task as UP_FOR_RETRY. dag_id=meltano_irrigation_etl, task_id=run_meltano_etl, run_id=scheduled__2025-11-29T00:00:00+00:00, execution_date=20251129T000000, start_date=20251130T194234, end_date=20251130T195311
[2025-11-30T19:53:12.008+0000] {taskinstance.py:340} INFO - ::group::Post task execution logs
[2025-11-30T19:53:12.010+0000] {standard_task_runner.py:124} ERROR - Failed to execute job 2 for task run_meltano_etl (Docker container failed: {'StatusCode': 1}; 195)
Traceback (most recent call last):
  File "/home/airflow/.local/lib/python3.12/site-packages/airflow/task/task_runner/standard_task_runner.py", line 117, in _start_by_fork
    ret = args.func(args, dag=self.dag)
          ^^^^^^^^^^^^^^^^^^^^^^^^^^^^^
  File "/home/airflow/.local/lib/python3.12/site-packages/airflow/cli/cli_config.py", line 49, in command
    return func(*args, **kwargs)
           ^^^^^^^^^^^^^^^^^^^^^
  File "/home/airflow/.local/lib/python3.12/site-packages/airflow/utils/cli.py", line 115, in wrapper
    return f(*args, **kwargs)
           ^^^^^^^^^^^^^^^^^^
  File "/home/airflow/.local/lib/python3.12/site-packages/airflow/cli/commands/task_command.py", line 483, in task_run
    task_return_code = _run_task_by_selected_method(args, _dag, ti)
                       ^^^^^^^^^^^^^^^^^^^^^^^^^^^^^^^^^^^^^^^^^^^^
  File "/home/airflow/.local/lib/python3.12/site-packages/airflow/cli/commands/task_command.py", line 256, in _run_task_by_selected_method
    return _run_raw_task(args, ti)
           ^^^^^^^^^^^^^^^^^^^^^^^
  File "/home/airflow/.local/lib/python3.12/site-packages/airflow/cli/commands/task_command.py", line 341, in _run_raw_task
    return ti._run_raw_task(
           ^^^^^^^^^^^^^^^^^
  File "/home/airflow/.local/lib/python3.12/site-packages/airflow/utils/session.py", line 97, in wrapper
    return func(*args, session=session, **kwargs)
           ^^^^^^^^^^^^^^^^^^^^^^^^^^^^^^^^^^^^^^
  File "/home/airflow/.local/lib/python3.12/site-packages/airflow/models/taskinstance.py", line 3004, in _run_raw_task
    return _run_raw_task(
           ^^^^^^^^^^^^^^
  File "/home/airflow/.local/lib/python3.12/site-packages/airflow/models/taskinstance.py", line 273, in _run_raw_task
    TaskInstance._execute_task_with_callbacks(
  File "/home/airflow/.local/lib/python3.12/site-packages/airflow/models/taskinstance.py", line 3158, in _execute_task_with_callbacks
    result = self._execute_task(context, task_orig)
             ^^^^^^^^^^^^^^^^^^^^^^^^^^^^^^^^^^^^^^
  File "/home/airflow/.local/lib/python3.12/site-packages/airflow/models/taskinstance.py", line 3182, in _execute_task
    return _execute_task(self, context, task_orig)
           ^^^^^^^^^^^^^^^^^^^^^^^^^^^^^^^^^^^^^^^
  File "/home/airflow/.local/lib/python3.12/site-packages/airflow/models/taskinstance.py", line 767, in _execute_task
    result = _execute_callable(context=context, **execute_callable_kwargs)
             ^^^^^^^^^^^^^^^^^^^^^^^^^^^^^^^^^^^^^^^^^^^^^^^^^^^^^^^^^^^^^
  File "/home/airflow/.local/lib/python3.12/site-packages/airflow/models/taskinstance.py", line 733, in _execute_callable
    return ExecutionCallableRunner(
           ^^^^^^^^^^^^^^^^^^^^^^^^
  File "/home/airflow/.local/lib/python3.12/site-packages/airflow/utils/operator_helpers.py", line 252, in run
    return self.func(*args, **kwargs)
           ^^^^^^^^^^^^^^^^^^^^^^^^^^
  File "/home/airflow/.local/lib/python3.12/site-packages/airflow/models/baseoperator.py", line 406, in wrapper
    return func(self, *args, **kwargs)
           ^^^^^^^^^^^^^^^^^^^^^^^^^^^
  File "/home/airflow/.local/lib/python3.12/site-packages/airflow/providers/docker/operators/docker.py", line 513, in execute
    return self._run_image()
           ^^^^^^^^^^^^^^^^^
  File "/home/airflow/.local/lib/python3.12/site-packages/airflow/providers/docker/operators/docker.py", line 384, in _run_image
    return self._run_image_with_mounts(self.mounts, add_tmp_variable=False)
           ^^^^^^^^^^^^^^^^^^^^^^^^^^^^^^^^^^^^^^^^^^^^^^^^^^^^^^^^^^^^^^^^
  File "/home/airflow/.local/lib/python3.12/site-packages/airflow/providers/docker/operators/docker.py", line 446, in _run_image_with_mounts
    raise DockerContainerFailedException(f"Docker container failed: {result!r}", logs=log_lines)
airflow.providers.docker.exceptions.DockerContainerFailedException: Docker container failed: {'StatusCode': 1}
[2025-11-30T19:53:12.052+0000] {local_task_job_runner.py:266} INFO - Task exited with return code 1
[2025-11-30T19:53:12.090+0000] {taskinstance.py:3900} INFO - 0 downstream tasks scheduled from follow-on schedule check
[2025-11-30T19:53:12.093+0000] {local_task_job_runner.py:245} INFO - ::endgroup::
